0 info it worked if it ends with ok
1 verbose cli [ '/usr/local/bin/node',
1 verbose cli   '/usr/local/bin/npm',
1 verbose cli   'install',
1 verbose cli   'bootstrap',
1 verbose cli   '-sheroku',
1 verbose cli   'config:set',
1 verbose cli   'NODEMODULESCACHE=false' ]
2 info using npm@3.10.3
3 info using node@v6.3.0
4 silly loadCurrentTree Starting
5 silly install loadCurrentTree
6 silly install readLocalPackageData
7 silly fetchPackageMetaData bootstrap@^3.3.7
8 silly fetchPackageMetaData config:set
9 silly fetchPackageMetaData NODEMODULESCACHE=false
10 silly fetchNamedPackageData bootstrap
11 silly mapToRegistry name bootstrap
12 silly mapToRegistry using default registry
13 silly mapToRegistry registry https://registry.npmjs.org/
14 silly mapToRegistry data Result {
14 silly mapToRegistry   raw: 'bootstrap',
14 silly mapToRegistry   scope: null,
14 silly mapToRegistry   escapedName: 'bootstrap',
14 silly mapToRegistry   name: 'bootstrap',
14 silly mapToRegistry   rawSpec: '',
14 silly mapToRegistry   spec: 'latest',
14 silly mapToRegistry   type: 'tag' }
15 silly mapToRegistry uri https://registry.npmjs.org/bootstrap
16 silly fetchPackageMetaData Error: Unsupported URL Type: config:set
16 silly fetchPackageMetaData     at parseUrl (/usr/local/lib/node_modules/npm/node_modules/npm-package-arg/npa.js:186:13)
16 silly fetchPackageMetaData     at npa (/usr/local/lib/node_modules/npm/node_modules/npm-package-arg/npa.js:79:12)
16 silly fetchPackageMetaData     at module.exports (/usr/local/lib/node_modules/npm/node_modules/realize-package-specifier/index.js:12:15)
16 silly fetchPackageMetaData     at fetchPackageMetadata (/usr/local/lib/node_modules/npm/lib/fetch-package-metadata.js:54:12)
16 silly fetchPackageMetaData     at /usr/local/lib/node_modules/npm/lib/install/deps.js:234:5
16 silly fetchPackageMetaData     at /usr/local/lib/node_modules/npm/node_modules/slide/lib/async-map.js:52:35
16 silly fetchPackageMetaData     at Array.forEach (native)
16 silly fetchPackageMetaData     at /usr/local/lib/node_modules/npm/node_modules/slide/lib/async-map.js:52:11
16 silly fetchPackageMetaData     at Array.forEach (native)
16 silly fetchPackageMetaData     at asyncMap (/usr/local/lib/node_modules/npm/node_modules/slide/lib/async-map.js:51:8)
16 silly fetchPackageMetaData  error for config:set Error: Unsupported URL Type: config:set
16 silly fetchPackageMetaData     at parseUrl (/usr/local/lib/node_modules/npm/node_modules/npm-package-arg/npa.js:186:13)
16 silly fetchPackageMetaData     at npa (/usr/local/lib/node_modules/npm/node_modules/npm-package-arg/npa.js:79:12)
16 silly fetchPackageMetaData     at module.exports (/usr/local/lib/node_modules/npm/node_modules/realize-package-specifier/index.js:12:15)
16 silly fetchPackageMetaData     at fetchPackageMetadata (/usr/local/lib/node_modules/npm/lib/fetch-package-metadata.js:54:12)
16 silly fetchPackageMetaData     at /usr/local/lib/node_modules/npm/lib/install/deps.js:234:5
16 silly fetchPackageMetaData     at /usr/local/lib/node_modules/npm/node_modules/slide/lib/async-map.js:52:35
16 silly fetchPackageMetaData     at Array.forEach (native)
16 silly fetchPackageMetaData     at /usr/local/lib/node_modules/npm/node_modules/slide/lib/async-map.js:52:11
16 silly fetchPackageMetaData     at Array.forEach (native)
16 silly fetchPackageMetaData     at asyncMap (/usr/local/lib/node_modules/npm/node_modules/slide/lib/async-map.js:51:8)
17 silly fetchOtherPackageData NODEMODULESCACHE=false
18 silly cache add args [ 'NODEMODULESCACHE=false', null ]
19 verbose cache add spec NODEMODULESCACHE=false
20 silly cache add parsed spec Result {
20 silly cache add   raw: 'NODEMODULESCACHE=false',
20 silly cache add   scope: null,
20 silly cache add   escapedName: null,
20 silly cache add   name: null,
20 silly cache add   rawSpec: 'NODEMODULESCACHE=false',
20 silly cache add   spec: '/Users/vm033450/Code/Other_Interests/ONC/diabetesdashboard/NODEMODULESCACHE=false',
20 silly cache add   type: 'local' }
21 error addLocal Could not install /Users/vm033450/Code/Other_Interests/ONC/diabetesdashboard/NODEMODULESCACHE=false
22 silly fetchPackageMetaData Error: ENOENT: no such file or directory, open '/Users/vm033450/Code/Other_Interests/ONC/diabetesdashboard/NODEMODULESCACHE=false'
22 silly fetchPackageMetaData     at Error (native)
22 silly fetchPackageMetaData  error for NODEMODULESCACHE=false { Error: ENOENT: no such file or directory, open '/Users/vm033450/Code/Other_Interests/ONC/diabetesdashboard/NODEMODULESCACHE=false'
22 silly fetchPackageMetaData     at Error (native)
22 silly fetchPackageMetaData   errno: -2,
22 silly fetchPackageMetaData   code: 'ENOENT',
22 silly fetchPackageMetaData   syscall: 'open',
22 silly fetchPackageMetaData   path: '/Users/vm033450/Code/Other_Interests/ONC/diabetesdashboard/NODEMODULESCACHE=false' }
23 verbose request uri https://registry.npmjs.org/bootstrap
24 verbose request no auth needed
25 info attempt registry request try #1 at 11:55:26 PM
26 verbose request id 2c704e039723551d
27 verbose etag "A138SOWCXA5TOEZIUB8KUVIY4"
28 http request GET https://registry.npmjs.org/bootstrap
29 http 304 https://registry.npmjs.org/bootstrap
30 verbose headers { date: 'Fri, 04 Nov 2016 03:55:26 GMT',
30 verbose headers   via: '1.1 varnish',
30 verbose headers   'cache-control': 'max-age=300',
30 verbose headers   etag: '"A138SOWCXA5TOEZIUB8KUVIY4"',
30 verbose headers   age: '225',
30 verbose headers   connection: 'keep-alive',
30 verbose headers   'x-served-by': 'cache-iad2623-IAD',
30 verbose headers   'x-cache': 'HIT',
30 verbose headers   'x-cache-hits': '1',
30 verbose headers   'x-timer': 'S1478231726.501815,VS0,VE0',
30 verbose headers   vary: 'Accept-Encoding' }
31 silly get cb [ 304,
31 silly get   { date: 'Fri, 04 Nov 2016 03:55:26 GMT',
31 silly get     via: '1.1 varnish',
31 silly get     'cache-control': 'max-age=300',
31 silly get     etag: '"A138SOWCXA5TOEZIUB8KUVIY4"',
31 silly get     age: '225',
31 silly get     connection: 'keep-alive',
31 silly get     'x-served-by': 'cache-iad2623-IAD',
31 silly get     'x-cache': 'HIT',
31 silly get     'x-cache-hits': '1',
31 silly get     'x-timer': 'S1478231726.501815,VS0,VE0',
31 silly get     vary: 'Accept-Encoding' } ]
32 verbose etag https://registry.npmjs.org/bootstrap from cache
33 verbose get saving bootstrap to /Users/vm033450/.npm/registry.npmjs.org/bootstrap/.cache.json
34 verbose correctMkdir /Users/vm033450/.npm correctMkdir not in flight; initializing
35 silly rollbackFailedOptional Starting
36 silly rollbackFailedOptional Finishing
37 silly runTopLevelLifecycles Starting
38 silly runTopLevelLifecycles Finishing
39 silly install printInstalled
40 verbose stack Error: Unsupported URL Type: config:set
40 verbose stack     at parseUrl (/usr/local/lib/node_modules/npm/node_modules/npm-package-arg/npa.js:186:13)
40 verbose stack     at npa (/usr/local/lib/node_modules/npm/node_modules/npm-package-arg/npa.js:79:12)
40 verbose stack     at module.exports (/usr/local/lib/node_modules/npm/node_modules/realize-package-specifier/index.js:12:15)
40 verbose stack     at fetchPackageMetadata (/usr/local/lib/node_modules/npm/lib/fetch-package-metadata.js:54:12)
40 verbose stack     at /usr/local/lib/node_modules/npm/lib/install/deps.js:234:5
40 verbose stack     at /usr/local/lib/node_modules/npm/node_modules/slide/lib/async-map.js:52:35
40 verbose stack     at Array.forEach (native)
40 verbose stack     at /usr/local/lib/node_modules/npm/node_modules/slide/lib/async-map.js:52:11
40 verbose stack     at Array.forEach (native)
40 verbose stack     at asyncMap (/usr/local/lib/node_modules/npm/node_modules/slide/lib/async-map.js:51:8)
41 verbose cwd /Users/vm033450/Code/Other_Interests/ONC/diabetesdashboard
42 error Darwin 15.6.0
43 error argv "/usr/local/bin/node" "/usr/local/bin/npm" "install" "bootstrap" "-sheroku" "config:set" "NODEMODULESCACHE=false"
44 error node v6.3.0
45 error npm  v3.10.3
46 error Unsupported URL Type: config:set
47 error If you need help, you may report this error at:
47 error     <https://github.com/npm/npm/issues>
48 verbose exit [ 1, true ]
